OpenROAD v2.0-16316-gf9cfd9383 
Features included (+) or not (-): +Charts +GPU +GUI +Python
This program is licensed under the BSD-3 license. See the LICENSE file for details.
Components of this program may be licensed under more restrictive licenses which must be honored.
[INFO ORD-0030] Using 3 thread(s).
Perform port buffering...
[INFO RSZ-0027] Inserted 666 input buffers.
[INFO RSZ-0028] Inserted 676 output buffers.
Perform buffer insertion...
[INFO RSZ-0058] Using max wire length 2154um.
[INFO RSZ-0034] Found 93 slew violations.
[INFO RSZ-0036] Found 26 capacitance violations.
[INFO RSZ-0037] Found 145 long wires.
[INFO RSZ-0038] Inserted 229 buffers in 158 nets.
[INFO RSZ-0039] Resized 23221 instances.
Repair tie lo fanout...
[INFO RSZ-0042] Inserted 20 tie sky130_fd_sc_hd__conb_1 instances.
Repair tie hi fanout...
Floating nets: 
Report metrics stage 3, resizer...

==========================================================================
resizer report_design_area
--------------------------------------------------------------------------
Design area 835531 u^2 9% utilization.
Instance count before 170726, after 172316
Pin count before 185908, after 189088
Elapsed time: 1:02.04[h:]min:sec. CPU time: user 61.18 sys 0.80 (99%). Peak memory: 1018660KB.
