OpenROAD v2.0-16316-gf9cfd9383 
Features included (+) or not (-): +Charts +GPU +GUI +Python
This program is licensed under the BSD-3 license. See the LICENSE file for details.
Components of this program may be licensed under more restrictive licenses which must be honored.
[INFO ORD-0030] Using 3 thread(s).
global_route -congestion_report_file ./reports/sky130hd/axicb_crossbar_top/base/congestion.rpt -congestion_iterations 30 -congestion_report_iter_step 5 -verbose
[INFO GRT-0020] Min routing layer: met1
[INFO GRT-0021] Max routing layer: met5
[INFO GRT-0022] Global adjustment: 0%
[INFO GRT-0023] Grid origin: (0, 0)
[INFO GRT-0043] No OR_DEFAULT vias defined.
[INFO GRT-0088] Layer li1     Track-Pitch = 0.4600  line-2-Via Pitch: 0.3400
[INFO GRT-0088] Layer met1    Track-Pitch = 0.3400  line-2-Via Pitch: 0.3400
[INFO GRT-0088] Layer met2    Track-Pitch = 0.4600  line-2-Via Pitch: 0.3500
[INFO GRT-0088] Layer met3    Track-Pitch = 0.6800  line-2-Via Pitch: 0.6150
[INFO GRT-0088] Layer met4    Track-Pitch = 0.9200  line-2-Via Pitch: 1.0400
[INFO GRT-0088] Layer met5    Track-Pitch = 3.4000  line-2-Via Pitch: 3.1100
[INFO GRT-0019] Found 1186 clock nets.
[INFO GRT-0001] Minimum degree: 2
[INFO GRT-0002] Maximum degree: 253
[INFO GRT-0003] Macros: 0
[WARNING GRT-0041] Net VSS has wires/vias outside die area.
[WARNING GRT-0041] Net VSS has wires/vias outside die area.
[WARNING GRT-0041] Net VSS has wires/vias outside die area.
[WARNING GRT-0041] Net VSS has wires/vias outside die area.
[WARNING GRT-0041] Net VSS has wires/vias outside die area.
[WARNING GRT-0041] Net VSS has wires/vias outside die area.
[WARNING GRT-0041] Net VSS has wires/vias outside die area.
[WARNING GRT-0041] Net VSS has wires/vias outside die area.
[WARNING GRT-0041] Net VSS has wires/vias outside die area.
[WARNING GRT-0041] Net VSS has wires/vias outside die area.
[WARNING GRT-0041] Net VSS has wires/vias outside die area.
[WARNING GRT-0041] Net VSS has wires/vias outside die area.
[WARNING GRT-0041] Net VSS has wires/vias outside die area.
[WARNING GRT-0041] Net VSS has wires/vias outside die area.
[WARNING GRT-0041] Net VSS has wires/vias outside die area.
[WARNING GRT-0041] Net VSS has wires/vias outside die area.
[WARNING GRT-0041] Net VSS has wires/vias outside die area.
[WARNING GRT-0041] Net VSS has wires/vias outside die area.
[WARNING GRT-0041] Net VSS has wires/vias outside die area.
[WARNING GRT-0041] Net VSS has wires/vias outside die area.
[WARNING GRT-0041] Net VSS has wires/vias outside die area.
[WARNING GRT-0041] Net VSS has wires/vias outside die area.
[WARNING GRT-0041] Net VSS has wires/vias outside die area.
[WARNING GRT-0041] Net VSS has wires/vias outside die area.
[WARNING GRT-0041] Net VSS has wires/vias outside die area.
[WARNING GRT-0041] Net VSS has wires/vias outside die area.
[WARNING GRT-0041] Net VSS has wires/vias outside die area.
[WARNING GRT-0041] Net VSS has wires/vias outside die area.
[WARNING GRT-0041] Net VSS has wires/vias outside die area.
[WARNING GRT-0041] Net VSS has wires/vias outside die area.
[WARNING GRT-0041] Net VSS has wires/vias outside die area.
[WARNING GRT-0041] Net VSS has wires/vias outside die area.
[WARNING GRT-0041] Net VSS has wires/vias outside die area.
[WARNING GRT-0041] Net VSS has wires/vias outside die area.
[WARNING GRT-0041] Net VSS has wires/vias outside die area.
[WARNING GRT-0041] Net VSS has wires/vias outside die area.
[WARNING GRT-0041] Net VSS has wires/vias outside die area.
[WARNING GRT-0041] Net VSS has wires/vias outside die area.
[WARNING GRT-0041] Net VSS has wires/vias outside die area.
[WARNING GRT-0041] Net VSS has wires/vias outside die area.
[WARNING GRT-0041] Net VSS has wires/vias outside die area.
[WARNING GRT-0041] Net VSS has wires/vias outside die area.
[WARNING GRT-0041] Net VSS has wires/vias outside die area.
[WARNING GRT-0041] Net VSS has wires/vias outside die area.
[WARNING GRT-0041] Net VSS has wires/vias outside die area.
[WARNING GRT-0041] Net VSS has wires/vias outside die area.
[WARNING GRT-0041] Net VSS has wires/vias outside die area.
[WARNING GRT-0041] Net VSS has wires/vias outside die area.
[WARNING GRT-0041] Net VSS has wires/vias outside die area.
[WARNING GRT-0041] Net VSS has wires/vias outside die area.
[WARNING GRT-0041] Net VSS has wires/vias outside die area.
[WARNING GRT-0041] Net VSS has wires/vias outside die area.
[WARNING GRT-0041] Net VSS has wires/vias outside die area.
[WARNING GRT-0041] Net VSS has wires/vias outside die area.
[WARNING GRT-0041] Net VSS has wires/vias outside die area.
[WARNING GRT-0041] Net VSS has wires/vias outside die area.
[WARNING GRT-0041] Net VSS has wires/vias outside die area.
[WARNING GRT-0041] Net VSS has wires/vias outside die area.
[WARNING GRT-0041] Net VSS has wires/vias outside die area.
[WARNING GRT-0041] Net VSS has wires/vias outside die area.
[WARNING GRT-0041] Net VSS has wires/vias outside die area.
[WARNING GRT-0041] Net VSS has wires/vias outside die area.
[WARNING GRT-0041] Net VSS has wires/vias outside die area.
[WARNING GRT-0041] Net VSS has wires/vias outside die area.
[WARNING GRT-0041] Net VSS has wires/vias outside die area.
[WARNING GRT-0041] Net VSS has wires/vias outside die area.
[WARNING GRT-0041] Net VSS has wires/vias outside die area.
[WARNING GRT-0041] Net VSS has wires/vias outside die area.
[WARNING GRT-0041] Net VSS has wires/vias outside die area.
[WARNING GRT-0041] Net VSS has wires/vias outside die area.
[WARNING GRT-0041] Net VSS has wires/vias outside die area.
[WARNING GRT-0041] Net VSS has wires/vias outside die area.
[WARNING GRT-0041] Net VSS has wires/vias outside die area.
[WARNING GRT-0041] Net VSS has wires/vias outside die area.
[WARNING GRT-0041] Net VSS has wires/vias outside die area.
[WARNING GRT-0041] Net VSS has wires/vias outside die area.
[WARNING GRT-0041] Net VSS has wires/vias outside die area.
[WARNING GRT-0041] Net VSS has wires/vias outside die area.
[WARNING GRT-0041] Net VSS has wires/vias outside die area.
[WARNING GRT-0041] Net VSS has wires/vias outside die area.
[WARNING GRT-0041] Net VSS has wires/vias outside die area.
[WARNING GRT-0041] Net VSS has wires/vias outside die area.
[WARNING GRT-0041] Net VSS has wires/vias outside die area.
[WARNING GRT-0041] Net VSS has wires/vias outside die area.
[WARNING GRT-0041] Net VSS has wires/vias outside die area.
[WARNING GRT-0041] Net VSS has wires/vias outside die area.
[WARNING GRT-0041] Net VSS has wires/vias outside die area.
[WARNING GRT-0041] Net VSS has wires/vias outside die area.
[WARNING GRT-0041] Net VSS has wires/vias outside die area.
[WARNING GRT-0041] Net VSS has wires/vias outside die area.
[WARNING GRT-0041] Net VSS has wires/vias outside die area.
[WARNING GRT-0041] Net VSS has wires/vias outside die area.
[WARNING GRT-0041] Net VSS has wires/vias outside die area.
[WARNING GRT-0041] Net VSS has wires/vias outside die area.
[WARNING GRT-0041] Net VSS has wires/vias outside die area.
[WARNING GRT-0041] Net VSS has wires/vias outside die area.
[WARNING GRT-0041] Net VSS has wires/vias outside die area.
[WARNING GRT-0041] Net VSS has wires/vias outside die area.
[WARNING GRT-0041] Net VSS has wires/vias outside die area.
[WARNING GRT-0041] Net VSS has wires/vias outside die area.
[WARNING GRT-0041] Net VSS has wires/vias outside die area.
[WARNING GRT-0041] Net VSS has wires/vias outside die area.
[WARNING GRT-0041] Net VSS has wires/vias outside die area.
[WARNING GRT-0041] Net VSS has wires/vias outside die area.
[WARNING GRT-0041] Net VSS has wires/vias outside die area.
[WARNING GRT-0041] Net VSS has wires/vias outside die area.
[WARNING GRT-0041] Net VSS has wires/vias outside die area.
[WARNING GRT-0041] Net VSS has wires/vias outside die area.
[WARNING GRT-0041] Net VSS has wires/vias outside die area.
[WARNING GRT-0041] Net VSS has wires/vias outside die area.
[WARNING GRT-0041] Net VSS has wires/vias outside die area.
[WARNING GRT-0041] Net VSS has wires/vias outside die area.
[WARNING GRT-0041] Net VSS has wires/vias outside die area.
[WARNING GRT-0041] Net VSS has wires/vias outside die area.
[WARNING GRT-0041] Net VSS has wires/vias outside die area.
[WARNING GRT-0041] Net VSS has wires/vias outside die area.
[WARNING GRT-0041] Net VSS has wires/vias outside die area.
[WARNING GRT-0041] Net VSS has wires/vias outside die area.
[WARNING GRT-0041] Net VSS has wires/vias outside die area.
[WARNING GRT-0041] Net VSS has wires/vias outside die area.
[WARNING GRT-0041] Net VSS has wires/vias outside die area.
[WARNING GRT-0041] Net VSS has wires/vias outside die area.
[WARNING GRT-0041] Net VSS has wires/vias outside die area.
[WARNING GRT-0041] Net VSS has wires/vias outside die area.
[WARNING GRT-0041] Net VSS has wires/vias outside die area.
[WARNING GRT-0041] Net VSS has wires/vias outside die area.
[WARNING GRT-0041] Net VSS has wires/vias outside die area.
[WARNING GRT-0041] Net VSS has wires/vias outside die area.
[WARNING GRT-0041] Net VSS has wires/vias outside die area.
[WARNING GRT-0041] Net VSS has wires/vias outside die area.
[WARNING GRT-0041] Net VSS has wires/vias outside die area.
[WARNING GRT-0041] Net VSS has wires/vias outside die area.
[WARNING GRT-0041] Net VSS has wires/vias outside die area.
[WARNING GRT-0041] Net VSS has wires/vias outside die area.
[WARNING GRT-0041] Net VSS has wires/vias outside die area.
[WARNING GRT-0041] Net VSS has wires/vias outside die area.
[WARNING GRT-0041] Net VSS has wires/vias outside die area.
[WARNING GRT-0041] Net VSS has wires/vias outside die area.
[WARNING GRT-0041] Net VSS has wires/vias outside die area.
[WARNING GRT-0041] Net VSS has wires/vias outside die area.
[WARNING GRT-0041] Net VSS has wires/vias outside die area.
[WARNING GRT-0041] Net VSS has wires/vias outside die area.
[WARNING GRT-0041] Net VSS has wires/vias outside die area.
[WARNING GRT-0041] Net VSS has wires/vias outside die area.
[WARNING GRT-0041] Net VSS has wires/vias outside die area.
[WARNING GRT-0041] Net VSS has wires/vias outside die area.
[WARNING GRT-0041] Net VSS has wires/vias outside die area.
[WARNING GRT-0041] Net VSS has wires/vias outside die area.
[WARNING GRT-0041] Net VSS has wires/vias outside die area.
[WARNING GRT-0041] Net VSS has wires/vias outside die area.
[WARNING GRT-0041] Net VSS has wires/vias outside die area.
[WARNING GRT-0041] Net VSS has wires/vias outside die area.
[WARNING GRT-0041] Net VSS has wires/vias outside die area.
[WARNING GRT-0041] Net VSS has wires/vias outside die area.
[WARNING GRT-0041] Net VSS has wires/vias outside die area.
[WARNING GRT-0041] Net VSS has wires/vias outside die area.
[WARNING GRT-0041] Net VSS has wires/vias outside die area.
[WARNING GRT-0041] Net VSS has wires/vias outside die area.
[WARNING GRT-0041] Net VSS has wires/vias outside die area.
[WARNING GRT-0041] Net VSS has wires/vias outside die area.
[WARNING GRT-0041] Net VSS has wires/vias outside die area.
[WARNING GRT-0041] Net VSS has wires/vias outside die area.
[WARNING GRT-0041] Net VSS has wires/vias outside die area.
[WARNING GRT-0041] Net VSS has wires/vias outside die area.
[WARNING GRT-0041] Net VSS has wires/vias outside die area.
[WARNING GRT-0041] Net VSS has wires/vias outside die area.
[WARNING GRT-0041] Net VSS has wires/vias outside die area.
[WARNING GRT-0041] Net VSS has wires/vias outside die area.
[WARNING GRT-0041] Net VSS has wires/vias outside die area.
[WARNING GRT-0041] Net VSS has wires/vias outside die area.
[WARNING GRT-0041] Net VSS has wires/vias outside die area.
[WARNING GRT-0041] Net VSS has wires/vias outside die area.
[WARNING GRT-0041] Net VSS has wires/vias outside die area.
[WARNING GRT-0041] Net VSS has wires/vias outside die area.
[WARNING GRT-0041] Net VSS has wires/vias outside die area.
[WARNING GRT-0041] Net VSS has wires/vias outside die area.
[WARNING GRT-0041] Net VSS has wires/vias outside die area.
[WARNING GRT-0041] Net VSS has wires/vias outside die area.
[WARNING GRT-0041] Net VSS has wires/vias outside die area.
[WARNING GRT-0041] Net VSS has wires/vias outside die area.
[WARNING GRT-0041] Net VSS has wires/vias outside die area.
[WARNING GRT-0041] Net VSS has wires/vias outside die area.
[WARNING GRT-0041] Net VSS has wires/vias outside die area.
[WARNING GRT-0041] Net VSS has wires/vias outside die area.
[WARNING GRT-0041] Net VSS has wires/vias outside die area.
[WARNING GRT-0041] Net VSS has wires/vias outside die area.
[WARNING GRT-0041] Net VSS has wires/vias outside die area.
[WARNING GRT-0041] Net VSS has wires/vias outside die area.
[WARNING GRT-0041] Net VSS has wires/vias outside die area.
[WARNING GRT-0041] Net VSS has wires/vias outside die area.
[WARNING GRT-0041] Net VSS has wires/vias outside die area.
[WARNING GRT-0041] Net VSS has wires/vias outside die area.
[WARNING GRT-0041] Net VSS has wires/vias outside die area.
[WARNING GRT-0041] Net VSS has wires/vias outside die area.
[WARNING GRT-0041] Net VSS has wires/vias outside die area.
[WARNING GRT-0041] Net VSS has wires/vias outside die area.
[WARNING GRT-0041] Net VSS has wires/vias outside die area.
[WARNING GRT-0041] Net VSS has wires/vias outside die area.
[WARNING GRT-0041] Net VSS has wires/vias outside die area.
[WARNING GRT-0041] Net VSS has wires/vias outside die area.
[WARNING GRT-0041] Net VSS has wires/vias outside die area.
[WARNING GRT-0041] Net VSS has wires/vias outside die area.
[WARNING GRT-0041] Net VSS has wires/vias outside die area.
[WARNING GRT-0041] Net VSS has wires/vias outside die area.
[WARNING GRT-0041] Net VSS has wires/vias outside die area.
[WARNING GRT-0041] Net VSS has wires/vias outside die area.
[WARNING GRT-0041] Net VSS has wires/vias outside die area.
[WARNING GRT-0041] Net VSS has wires/vias outside die area.
[WARNING GRT-0041] Net VSS has wires/vias outside die area.
[WARNING GRT-0041] Net VSS has wires/vias outside die area.
[WARNING GRT-0041] Net VSS has wires/vias outside die area.
[WARNING GRT-0041] Net VSS has wires/vias outside die area.
[WARNING GRT-0041] Net VSS has wires/vias outside die area.
[WARNING GRT-0041] Net VSS has wires/vias outside die area.
[WARNING GRT-0041] Net VSS has wires/vias outside die area.
[WARNING GRT-0041] Net VSS has wires/vias outside die area.
[WARNING GRT-0041] Net VSS has wires/vias outside die area.
[WARNING GRT-0041] Net VSS has wires/vias outside die area.
[WARNING GRT-0041] Net VSS has wires/vias outside die area.
[WARNING GRT-0041] Net VSS has wires/vias outside die area.
[WARNING GRT-0041] Net VSS has wires/vias outside die area.
[WARNING GRT-0041] Net VSS has wires/vias outside die area.
[WARNING GRT-0041] Net VSS has wires/vias outside die area.
[WARNING GRT-0041] Net VSS has wires/vias outside die area.
[WARNING GRT-0041] Net VSS has wires/vias outside die area.
[WARNING GRT-0041] Net VSS has wires/vias outside die area.
[WARNING GRT-0041] Net VSS has wires/vias outside die area.
[WARNING GRT-0041] Net VSS has wires/vias outside die area.
[WARNING GRT-0041] Net VSS has wires/vias outside die area.
[WARNING GRT-0041] Net VSS has wires/vias outside die area.
[WARNING GRT-0041] Net VSS has wires/vias outside die area.
[WARNING GRT-0041] Net VSS has wires/vias outside die area.
[WARNING GRT-0041] Net VSS has wires/vias outside die area.
[WARNING GRT-0041] Net VSS has wires/vias outside die area.
[WARNING GRT-0041] Net VSS has wires/vias outside die area.
[WARNING GRT-0041] Net VSS has wires/vias outside die area.
[WARNING GRT-0041] Net VSS has wires/vias outside die area.
[WARNING GRT-0041] Net VSS has wires/vias outside die area.
[WARNING GRT-0041] Net VSS has wires/vias outside die area.
[WARNING GRT-0041] Net VSS has wires/vias outside die area.
[WARNING GRT-0041] Net VSS has wires/vias outside die area.
[WARNING GRT-0041] Net VSS has wires/vias outside die area.
[WARNING GRT-0041] Net VSS has wires/vias outside die area.
[WARNING GRT-0041] Net VSS has wires/vias outside die area.
[WARNING GRT-0041] Net VSS has wires/vias outside die area.
[WARNING GRT-0041] Net VSS has wires/vias outside die area.
[WARNING GRT-0041] Net VSS has wires/vias outside die area.
[WARNING GRT-0041] Net VSS has wires/vias outside die area.
[WARNING GRT-0041] Net VSS has wires/vias outside die area.
[WARNING GRT-0041] Net VSS has wires/vias outside die area.
[WARNING GRT-0041] Net VSS has wires/vias outside die area.
[WARNING GRT-0041] Net VSS has wires/vias outside die area.
[WARNING GRT-0041] Net VSS has wires/vias outside die area.
[WARNING GRT-0041] Net VSS has wires/vias outside die area.
[WARNING GRT-0041] Net VSS has wires/vias outside die area.
[WARNING GRT-0041] Net VSS has wires/vias outside die area.
[WARNING GRT-0041] Net VSS has wires/vias outside die area.
[WARNING GRT-0041] Net VSS has wires/vias outside die area.
[WARNING GRT-0041] Net VSS has wires/vias outside die area.
[WARNING GRT-0041] Net VSS has wires/vias outside die area.
[WARNING GRT-0041] Net VSS has wires/vias outside die area.
[WARNING GRT-0041] Net VSS has wires/vias outside die area.
[WARNING GRT-0041] Net VSS has wires/vias outside die area.
[WARNING GRT-0041] Net VSS has wires/vias outside die area.
[WARNING GRT-0041] Net VSS has wires/vias outside die area.
[WARNING GRT-0041] Net VSS has wires/vias outside die area.
[WARNING GRT-0041] Net VSS has wires/vias outside die area.
[WARNING GRT-0041] Net VSS has wires/vias outside die area.
[WARNING GRT-0041] Net VSS has wires/vias outside die area.
[WARNING GRT-0041] Net VSS has wires/vias outside die area.
[WARNING GRT-0041] Net VSS has wires/vias outside die area.
[WARNING GRT-0041] Net VSS has wires/vias outside die area.
[WARNING GRT-0041] Net VSS has wires/vias outside die area.
[WARNING GRT-0041] Net VSS has wires/vias outside die area.
[WARNING GRT-0041] Net VSS has wires/vias outside die area.
[WARNING GRT-0041] Net VSS has wires/vias outside die area.
[WARNING GRT-0041] Net VSS has wires/vias outside die area.
[WARNING GRT-0041] Net VSS has wires/vias outside die area.
[WARNING GRT-0041] Net VSS has wires/vias outside die area.
[WARNING GRT-0041] Net VSS has wires/vias outside die area.
[WARNING GRT-0041] Net VSS has wires/vias outside die area.
[WARNING GRT-0041] Net VSS has wires/vias outside die area.
[WARNING GRT-0041] Net VSS has wires/vias outside die area.
[WARNING GRT-0041] Net VSS has wires/vias outside die area.
[WARNING GRT-0041] Net VSS has wires/vias outside die area.
[WARNING GRT-0041] Net VSS has wires/vias outside die area.
[WARNING GRT-0041] Net VSS has wires/vias outside die area.
[WARNING GRT-0041] Net VSS has wires/vias outside die area.
[WARNING GRT-0041] Net VSS has wires/vias outside die area.
[WARNING GRT-0041] Net VSS has wires/vias outside die area.
[WARNING GRT-0041] Net VSS has wires/vias outside die area.
[WARNING GRT-0041] Net VSS has wires/vias outside die area.
[WARNING GRT-0041] Net VSS has wires/vias outside die area.
[WARNING GRT-0041] Net VSS has wires/vias outside die area.
[WARNING GRT-0041] Net VSS has wires/vias outside die area.
[WARNING GRT-0041] Net VSS has wires/vias outside die area.
[WARNING GRT-0041] Net VSS has wires/vias outside die area.
[WARNING GRT-0041] Net VSS has wires/vias outside die area.
[WARNING GRT-0041] Net VSS has wires/vias outside die area.
[WARNING GRT-0041] Net VSS has wires/vias outside die area.
[WARNING GRT-0041] Net VSS has wires/vias outside die area.
[WARNING GRT-0041] Net VSS has wires/vias outside die area.
[WARNING GRT-0041] Net VSS has wires/vias outside die area.
[WARNING GRT-0041] Net VSS has wires/vias outside die area.
[WARNING GRT-0041] Net VSS has wires/vias outside die area.
[WARNING GRT-0041] Net VSS has wires/vias outside die area.
[WARNING GRT-0041] Net VSS has wires/vias outside die area.
[WARNING GRT-0041] Net VSS has wires/vias outside die area.
[WARNING GRT-0041] Net VSS has wires/vias outside die area.
[WARNING GRT-0041] Net VSS has wires/vias outside die area.
[WARNING GRT-0041] Net VSS has wires/vias outside die area.
[WARNING GRT-0041] Net VSS has wires/vias outside die area.
[WARNING GRT-0041] Net VSS has wires/vias outside die area.
[WARNING GRT-0041] Net VSS has wires/vias outside die area.
[WARNING GRT-0041] Net VSS has wires/vias outside die area.
[WARNING GRT-0041] Net VSS has wires/vias outside die area.
[WARNING GRT-0041] Net VSS has wires/vias outside die area.
[WARNING GRT-0041] Net VSS has wires/vias outside die area.
[WARNING GRT-0041] Net VSS has wires/vias outside die area.
[WARNING GRT-0041] Net VSS has wires/vias outside die area.
[WARNING GRT-0041] Net VSS has wires/vias outside die area.
[WARNING GRT-0041] Net VSS has wires/vias outside die area.
[WARNING GRT-0041] Net VSS has wires/vias outside die area.
[WARNING GRT-0041] Net VSS has wires/vias outside die area.
[WARNING GRT-0041] Net VSS has wires/vias outside die area.
[WARNING GRT-0041] Net VSS has wires/vias outside die area.
[WARNING GRT-0041] Net VSS has wires/vias outside die area.
[WARNING GRT-0041] Net VSS has wires/vias outside die area.
[WARNING GRT-0041] Net VSS has wires/vias outside die area.
[WARNING GRT-0041] Net VSS has wires/vias outside die area.
[WARNING GRT-0041] Net VSS has wires/vias outside die area.
[WARNING GRT-0041] Net VSS has wires/vias outside die area.
[WARNING GRT-0041] Net VSS has wires/vias outside die area.
[WARNING GRT-0041] Net VSS has wires/vias outside die area.
[WARNING GRT-0041] Net VSS has wires/vias outside die area.
[WARNING GRT-0041] Net VSS has wires/vias outside die area.
[WARNING GRT-0041] Net VSS has wires/vias outside die area.
[WARNING GRT-0041] Net VSS has wires/vias outside die area.
[WARNING GRT-0041] Net VSS has wires/vias outside die area.
[WARNING GRT-0041] Net VSS has wires/vias outside die area.
[WARNING GRT-0041] Net VSS has wires/vias outside die area.
[WARNING GRT-0041] Net VSS has wires/vias outside die area.
[WARNING GRT-0041] Net VSS has wires/vias outside die area.
[WARNING GRT-0041] Net VSS has wires/vias outside die area.
[WARNING GRT-0041] Net VSS has wires/vias outside die area.
[WARNING GRT-0041] Net VSS has wires/vias outside die area.
[WARNING GRT-0041] Net VSS has wires/vias outside die area.
[WARNING GRT-0041] Net VSS has wires/vias outside die area.
[WARNING GRT-0041] Net VSS has wires/vias outside die area.
[WARNING GRT-0041] Net VSS has wires/vias outside die area.
[WARNING GRT-0041] Net VSS has wires/vias outside die area.
[WARNING GRT-0041] Net VSS has wires/vias outside die area.
[WARNING GRT-0041] Net VSS has wires/vias outside die area.
[WARNING GRT-0041] Net VSS has wires/vias outside die area.
[WARNING GRT-0041] Net VSS has wires/vias outside die area.
[WARNING GRT-0041] Net VSS has wires/vias outside die area.
[WARNING GRT-0041] Net VSS has wires/vias outside die area.
[WARNING GRT-0041] Net VSS has wires/vias outside die area.
[WARNING GRT-0041] Net VSS has wires/vias outside die area.
[WARNING GRT-0041] Net VSS has wires/vias outside die area.
[WARNING GRT-0041] Net VSS has wires/vias outside die area.
[WARNING GRT-0041] Net VSS has wires/vias outside die area.
[WARNING GRT-0041] Net VSS has wires/vias outside die area.
[WARNING GRT-0041] Net VSS has wires/vias outside die area.
[WARNING GRT-0041] Net VSS has wires/vias outside die area.
[WARNING GRT-0041] Net VSS has wires/vias outside die area.
[WARNING GRT-0041] Net VSS has wires/vias outside die area.
[WARNING GRT-0041] Net VSS has wires/vias outside die area.
[WARNING GRT-0041] Net VSS has wires/vias outside die area.
[WARNING GRT-0041] Net VSS has wires/vias outside die area.
[WARNING GRT-0041] Net VSS has wires/vias outside die area.
[WARNING GRT-0041] Net VSS has wires/vias outside die area.
[WARNING GRT-0041] Net VSS has wires/vias outside die area.
[WARNING GRT-0041] Net VSS has wires/vias outside die area.
[WARNING GRT-0041] Net VSS has wires/vias outside die area.
[WARNING GRT-0041] Net VSS has wires/vias outside die area.
[WARNING GRT-0041] Net VSS has wires/vias outside die area.
[WARNING GRT-0041] Net VSS has wires/vias outside die area.
[WARNING GRT-0041] Net VSS has wires/vias outside die area.
[WARNING GRT-0041] Net VSS has wires/vias outside die area.
[WARNING GRT-0041] Net VSS has wires/vias outside die area.
[WARNING GRT-0041] Net VSS has wires/vias outside die area.
[WARNING GRT-0041] Net VSS has wires/vias outside die area.
[WARNING GRT-0041] Net VSS has wires/vias outside die area.
[WARNING GRT-0041] Net VSS has wires/vias outside die area.
[WARNING GRT-0041] Net VSS has wires/vias outside die area.
[WARNING GRT-0041] Net VSS has wires/vias outside die area.
[WARNING GRT-0041] Net VSS has wires/vias outside die area.
[WARNING GRT-0041] Net VSS has wires/vias outside die area.
[WARNING GRT-0041] Net VSS has wires/vias outside die area.
[WARNING GRT-0041] Net VSS has wires/vias outside die area.
[WARNING GRT-0041] Net VSS has wires/vias outside die area.
[WARNING GRT-0041] Net VSS has wires/vias outside die area.
[WARNING GRT-0041] Net VSS has wires/vias outside die area.
[WARNING GRT-0041] Net VSS has wires/vias outside die area.
[WARNING GRT-0041] Net VSS has wires/vias outside die area.
[WARNING GRT-0041] Net VSS has wires/vias outside die area.
[WARNING GRT-0041] Net VSS has wires/vias outside die area.
[WARNING GRT-0041] Net VSS has wires/vias outside die area.
[WARNING GRT-0041] Net VSS has wires/vias outside die area.
[WARNING GRT-0041] Net VSS has wires/vias outside die area.
[WARNING GRT-0041] Net VSS has wires/vias outside die area.
[WARNING GRT-0041] Net VSS has wires/vias outside die area.
[WARNING GRT-0041] Net VSS has wires/vias outside die area.
[WARNING GRT-0041] Net VSS has wires/vias outside die area.
[WARNING GRT-0041] Net VSS has wires/vias outside die area.
[WARNING GRT-0041] Net VSS has wires/vias outside die area.
[WARNING GRT-0041] Net VSS has wires/vias outside die area.
[WARNING GRT-0041] Net VSS has wires/vias outside die area.
[WARNING GRT-0041] Net VSS has wires/vias outside die area.
[WARNING GRT-0041] Net VSS has wires/vias outside die area.
[WARNING GRT-0041] Net VSS has wires/vias outside die area.
[WARNING GRT-0041] Net VSS has wires/vias outside die area.
[WARNING GRT-0041] Net VSS has wires/vias outside die area.
[WARNING GRT-0041] Net VSS has wires/vias outside die area.
[WARNING GRT-0041] Net VSS has wires/vias outside die area.
[WARNING GRT-0041] Net VSS has wires/vias outside die area.
[WARNING GRT-0041] Net VSS has wires/vias outside die area.
[WARNING GRT-0041] Net VSS has wires/vias outside die area.
[WARNING GRT-0041] Net VSS has wires/vias outside die area.
[WARNING GRT-0041] Net VSS has wires/vias outside die area.
[WARNING GRT-0041] Net VSS has wires/vias outside die area.
[WARNING GRT-0041] Net VSS has wires/vias outside die area.
[WARNING GRT-0041] Net VSS has wires/vias outside die area.
[WARNING GRT-0041] Net VSS has wires/vias outside die area.
[WARNING GRT-0041] Net VSS has wires/vias outside die area.
[WARNING GRT-0041] Net VSS has wires/vias outside die area.
[WARNING GRT-0041] Net VSS has wires/vias outside die area.
[WARNING GRT-0041] Net VSS has wires/vias outside die area.
[WARNING GRT-0041] Net VSS has wires/vias outside die area.
[WARNING GRT-0041] Net VSS has wires/vias outside die area.
[WARNING GRT-0041] Net VSS has wires/vias outside die area.
[WARNING GRT-0041] Net VSS has wires/vias outside die area.
[WARNING GRT-0041] Net VSS has wires/vias outside die area.
[WARNING GRT-0041] Net VSS has wires/vias outside die area.
[WARNING GRT-0041] Net VSS has wires/vias outside die area.
[WARNING GRT-0041] Net VSS has wires/vias outside die area.
[WARNING GRT-0041] Net VSS has wires/vias outside die area.
[WARNING GRT-0041] Net VSS has wires/vias outside die area.
[WARNING GRT-0041] Net VSS has wires/vias outside die area.
[WARNING GRT-0041] Net VSS has wires/vias outside die area.
[WARNING GRT-0041] Net VSS has wires/vias outside die area.
[WARNING GRT-0041] Net VSS has wires/vias outside die area.
[WARNING GRT-0041] Net VSS has wires/vias outside die area.
[WARNING GRT-0041] Net VSS has wires/vias outside die area.
[WARNING GRT-0041] Net VSS has wires/vias outside die area.
[WARNING GRT-0041] Net VSS has wires/vias outside die area.
[WARNING GRT-0041] Net VSS has wires/vias outside die area.
[WARNING GRT-0041] Net VSS has wires/vias outside die area.
[WARNING GRT-0041] Net VSS has wires/vias outside die area.
[WARNING GRT-0041] Net VSS has wires/vias outside die area.
[WARNING GRT-0041] Net VSS has wires/vias outside die area.
[WARNING GRT-0041] Net VSS has wires/vias outside die area.
[WARNING GRT-0041] Net VSS has wires/vias outside die area.
[WARNING GRT-0041] Net VSS has wires/vias outside die area.
[WARNING GRT-0041] Net VSS has wires/vias outside die area.
[WARNING GRT-0041] Net VSS has wires/vias outside die area.
[WARNING GRT-0041] Net VSS has wires/vias outside die area.
[WARNING GRT-0041] Net VSS has wires/vias outside die area.
[WARNING GRT-0041] Net VSS has wires/vias outside die area.
[WARNING GRT-0041] Net VSS has wires/vias outside die area.
[WARNING GRT-0041] Net VSS has wires/vias outside die area.
[WARNING GRT-0041] Net VSS has wires/vias outside die area.
[WARNING GRT-0041] Net VSS has wires/vias outside die area.
[WARNING GRT-0041] Net VSS has wires/vias outside die area.
[WARNING GRT-0041] Net VSS has wires/vias outside die area.
[WARNING GRT-0041] Net VSS has wires/vias outside die area.
[WARNING GRT-0041] Net VSS has wires/vias outside die area.
[WARNING GRT-0041] Net VSS has wires/vias outside die area.
[WARNING GRT-0041] Net VSS has wires/vias outside die area.
[WARNING GRT-0041] Net VSS has wires/vias outside die area.
[WARNING GRT-0041] Net VSS has wires/vias outside die area.
[WARNING GRT-0041] Net VSS has wires/vias outside die area.
[WARNING GRT-0041] Net VSS has wires/vias outside die area.
[WARNING GRT-0041] Net VSS has wires/vias outside die area.
[WARNING GRT-0041] Net VSS has wires/vias outside die area.
[WARNING GRT-0041] Net VSS has wires/vias outside die area.
[WARNING GRT-0041] Net VSS has wires/vias outside die area.
[WARNING GRT-0041] Net VSS has wires/vias outside die area.
[WARNING GRT-0041] Net VSS has wires/vias outside die area.
[WARNING GRT-0041] Net VSS has wires/vias outside die area.
[WARNING GRT-0041] Net VSS has wires/vias outside die area.
[WARNING GRT-0041] Net VSS has wires/vias outside die area.
[WARNING GRT-0041] Net VSS has wires/vias outside die area.
[WARNING GRT-0041] Net VSS has wires/vias outside die area.
[WARNING GRT-0041] Net VSS has wires/vias outside die area.
[WARNING GRT-0041] Net VSS has wires/vias outside die area.
[WARNING GRT-0041] Net VSS has wires/vias outside die area.
[WARNING GRT-0041] Net VSS has wires/vias outside die area.
[WARNING GRT-0041] Net VSS has wires/vias outside die area.
[WARNING GRT-0041] Net VSS has wires/vias outside die area.
[WARNING GRT-0041] Net VSS has wires/vias outside die area.
[WARNING GRT-0041] Net VSS has wires/vias outside die area.
[WARNING GRT-0041] Net VSS has wires/vias outside die area.
[WARNING GRT-0041] Net VSS has wires/vias outside die area.
[WARNING GRT-0041] Net VSS has wires/vias outside die area.
[WARNING GRT-0041] Net VSS has wires/vias outside die area.
[WARNING GRT-0041] Net VSS has wires/vias outside die area.
[WARNING GRT-0041] Net VSS has wires/vias outside die area.
[WARNING GRT-0041] Net VSS has wires/vias outside die area.
[WARNING GRT-0041] Net VSS has wires/vias outside die area.
[WARNING GRT-0041] Net VSS has wires/vias outside die area.
[WARNING GRT-0041] Net VSS has wires/vias outside die area.
[WARNING GRT-0041] Net VSS has wires/vias outside die area.
[WARNING GRT-0041] Net VSS has wires/vias outside die area.
[WARNING GRT-0041] Net VSS has wires/vias outside die area.
[WARNING GRT-0041] Net VSS has wires/vias outside die area.
[WARNING GRT-0041] Net VSS has wires/vias outside die area.
[WARNING GRT-0041] Net VSS has wires/vias outside die area.
[WARNING GRT-0041] Net VSS has wires/vias outside die area.
[WARNING GRT-0041] Net VSS has wires/vias outside die area.
[WARNING GRT-0041] Net VSS has wires/vias outside die area.
[WARNING GRT-0041] Net VSS has wires/vias outside die area.
[WARNING GRT-0041] Net VSS has wires/vias outside die area.
[WARNING GRT-0041] Net VSS has wires/vias outside die area.
[WARNING GRT-0041] Net VSS has wires/vias outside die area.
[WARNING GRT-0041] Net VSS has wires/vias outside die area.
[WARNING GRT-0041] Net VSS has wires/vias outside die area.
[WARNING GRT-0041] Net VSS has wires/vias outside die area.
[WARNING GRT-0041] Net VSS has wires/vias outside die area.
[WARNING GRT-0041] Net VSS has wires/vias outside die area.
[WARNING GRT-0041] Net VSS has wires/vias outside die area.
[WARNING GRT-0041] Net VSS has wires/vias outside die area.
[WARNING GRT-0041] Net VSS has wires/vias outside die area.
[WARNING GRT-0041] Net VSS has wires/vias outside die area.
[WARNING GRT-0041] Net VSS has wires/vias outside die area.
[WARNING GRT-0041] Net VSS has wires/vias outside die area.
[WARNING GRT-0041] Net VSS has wires/vias outside die area.
[WARNING GRT-0041] Net VSS has wires/vias outside die area.
[WARNING GRT-0041] Net VSS has wires/vias outside die area.
[WARNING GRT-0041] Net VSS has wires/vias outside die area.
[WARNING GRT-0041] Net VSS has wires/vias outside die area.
[WARNING GRT-0041] Net VSS has wires/vias outside die area.
[WARNING GRT-0041] Net VSS has wires/vias outside die area.
[WARNING GRT-0041] Net VSS has wires/vias outside die area.
[WARNING GRT-0041] Net VSS has wires/vias outside die area.
[WARNING GRT-0041] Net VSS has wires/vias outside die area.
[WARNING GRT-0041] Net VSS has wires/vias outside die area.
[WARNING GRT-0041] Net VSS has wires/vias outside die area.
[WARNING GRT-0041] Net VSS has wires/vias outside die area.
[WARNING GRT-0041] Net VSS has wires/vias outside die area.
[WARNING GRT-0041] Net VSS has wires/vias outside die area.
[WARNING GRT-0041] Net VSS has wires/vias outside die area.
[WARNING GRT-0041] Net VSS has wires/vias outside die area.
[WARNING GRT-0041] Net VSS has wires/vias outside die area.
[WARNING GRT-0041] Net VSS has wires/vias outside die area.
[WARNING GRT-0041] Net VSS has wires/vias outside die area.
[WARNING GRT-0041] Net VSS has wires/vias outside die area.
[WARNING GRT-0041] Net VSS has wires/vias outside die area.
[WARNING GRT-0041] Net VSS has wires/vias outside die area.
[WARNING GRT-0041] Net VSS has wires/vias outside die area.
[WARNING GRT-0041] Net VSS has wires/vias outside die area.
[WARNING GRT-0041] Net VSS has wires/vias outside die area.
[WARNING GRT-0041] Net VSS has wires/vias outside die area.
[WARNING GRT-0041] Net VSS has wires/vias outside die area.
[WARNING GRT-0041] Net VSS has wires/vias outside die area.
[WARNING GRT-0041] Net VSS has wires/vias outside die area.
[WARNING GRT-0041] Net VSS has wires/vias outside die area.
[WARNING GRT-0041] Net VSS has wires/vias outside die area.
[WARNING GRT-0041] Net VSS has wires/vias outside die area.
[WARNING GRT-0041] Net VSS has wires/vias outside die area.
[WARNING GRT-0041] Net VSS has wires/vias outside die area.
[WARNING GRT-0041] Net VSS has wires/vias outside die area.
[WARNING GRT-0041] Net VSS has wires/vias outside die area.
[WARNING GRT-0041] Net VSS has wires/vias outside die area.
[WARNING GRT-0041] Net VSS has wires/vias outside die area.
[WARNING GRT-0041] Net VSS has wires/vias outside die area.
[WARNING GRT-0041] Net VSS has wires/vias outside die area.
[WARNING GRT-0041] Net VSS has wires/vias outside die area.
[WARNING GRT-0041] Net VSS has wires/vias outside die area.
[WARNING GRT-0041] Net VSS has wires/vias outside die area.
[WARNING GRT-0041] Net VSS has wires/vias outside die area.
[WARNING GRT-0041] Net VSS has wires/vias outside die area.
[WARNING GRT-0041] Net VSS has wires/vias outside die area.
[WARNING GRT-0041] Net VSS has wires/vias outside die area.
[WARNING GRT-0041] Net VSS has wires/vias outside die area.
[WARNING GRT-0041] Net VSS has wires/vias outside die area.
[WARNING GRT-0041] Net VSS has wires/vias outside die area.
[WARNING GRT-0041] Net VSS has wires/vias outside die area.
[WARNING GRT-0041] Net VSS has wires/vias outside die area.
[WARNING GRT-0041] Net VSS has wires/vias outside die area.
[WARNING GRT-0041] Net VSS has wires/vias outside die area.
[WARNING GRT-0041] Net VSS has wires/vias outside die area.
[WARNING GRT-0041] Net VSS has wires/vias outside die area.
[WARNING GRT-0041] Net VSS has wires/vias outside die area.
[WARNING GRT-0041] Net VSS has wires/vias outside die area.
[WARNING GRT-0041] Net VSS has wires/vias outside die area.
[WARNING GRT-0041] Net VSS has wires/vias outside die area.
[WARNING GRT-0041] Net VSS has wires/vias outside die area.
[WARNING GRT-0041] Net VSS has wires/vias outside die area.
[WARNING GRT-0041] Net VSS has wires/vias outside die area.
[WARNING GRT-0041] Net VSS has wires/vias outside die area.
[WARNING GRT-0041] Net VSS has wires/vias outside die area.
[WARNING GRT-0041] Net VSS has wires/vias outside die area.
[WARNING GRT-0041] Net VSS has wires/vias outside die area.
[WARNING GRT-0041] Net VSS has wires/vias outside die area.
[WARNING GRT-0041] Net VSS has wires/vias outside die area.
[WARNING GRT-0041] Net VSS has wires/vias outside die area.
[WARNING GRT-0041] Net VSS has wires/vias outside die area.
[WARNING GRT-0041] Net VSS has wires/vias outside die area.
[WARNING GRT-0041] Net VSS has wires/vias outside die area.
[WARNING GRT-0041] Net VSS has wires/vias outside die area.
[WARNING GRT-0041] Net VSS has wires/vias outside die area.
[WARNING GRT-0041] Net VSS has wires/vias outside die area.
[WARNING GRT-0041] Net VSS has wires/vias outside die area.
[WARNING GRT-0041] Net VSS has wires/vias outside die area.
[WARNING GRT-0041] Net VSS has wires/vias outside die area.
[WARNING GRT-0041] Net VSS has wires/vias outside die area.
[WARNING GRT-0041] Net VSS has wires/vias outside die area.
[WARNING GRT-0041] Net VSS has wires/vias outside die area.
[WARNING GRT-0041] Net VSS has wires/vias outside die area.
[WARNING GRT-0041] Net VSS has wires/vias outside die area.
[WARNING GRT-0041] Net VSS has wires/vias outside die area.
[WARNING GRT-0041] Net VSS has wires/vias outside die area.
[WARNING GRT-0041] Net VSS has wires/vias outside die area.
[WARNING GRT-0041] Net VSS has wires/vias outside die area.
[WARNING GRT-0041] Net VSS has wires/vias outside die area.
[WARNING GRT-0041] Net VSS has wires/vias outside die area.
[WARNING GRT-0041] Net VSS has wires/vias outside die area.
[WARNING GRT-0041] Net VSS has wires/vias outside die area.
[WARNING GRT-0041] Net VSS has wires/vias outside die area.
[WARNING GRT-0041] Net VSS has wires/vias outside die area.
[WARNING GRT-0041] Net VSS has wires/vias outside die area.
[WARNING GRT-0041] Net VSS has wires/vias outside die area.
[WARNING GRT-0041] Net VSS has wires/vias outside die area.
[WARNING GRT-0041] Net VSS has wires/vias outside die area.
[WARNING GRT-0041] Net VSS has wires/vias outside die area.
[WARNING GRT-0041] Net VSS has wires/vias outside die area.
[WARNING GRT-0041] Net VSS has wires/vias outside die area.
[WARNING GRT-0041] Net VSS has wires/vias outside die area.
[WARNING GRT-0041] Net VSS has wires/vias outside die area.
[WARNING GRT-0041] Net VSS has wires/vias outside die area.
[WARNING GRT-0041] Net VSS has wires/vias outside die area.
[WARNING GRT-0041] Net VSS has wires/vias outside die area.
[WARNING GRT-0041] Net VSS has wires/vias outside die area.
[WARNING GRT-0041] Net VSS has wires/vias outside die area.
[WARNING GRT-0041] Net VSS has wires/vias outside die area.
[WARNING GRT-0041] Net VSS has wires/vias outside die area.
[WARNING GRT-0041] Net VSS has wires/vias outside die area.
[WARNING GRT-0041] Net VSS has wires/vias outside die area.
[WARNING GRT-0041] Net VSS has wires/vias outside die area.
[WARNING GRT-0041] Net VSS has wires/vias outside die area.
[WARNING GRT-0041] Net VSS has wires/vias outside die area.
[WARNING GRT-0041] Net VSS has wires/vias outside die area.
[WARNING GRT-0041] Net VSS has wires/vias outside die area.
[WARNING GRT-0041] Net VSS has wires/vias outside die area.
[WARNING GRT-0041] Net VSS has wires/vias outside die area.
[WARNING GRT-0041] Net VSS has wires/vias outside die area.
[WARNING GRT-0041] Net VSS has wires/vias outside die area.
[WARNING GRT-0041] Net VSS has wires/vias outside die area.
[WARNING GRT-0041] Net VSS has wires/vias outside die area.
[WARNING GRT-0041] Net VSS has wires/vias outside die area.
[WARNING GRT-0041] Net VSS has wires/vias outside die area.
[WARNING GRT-0041] Net VSS has wires/vias outside die area.
[WARNING GRT-0041] Net VSS has wires/vias outside die area.
[WARNING GRT-0041] Net VSS has wires/vias outside die area.
[WARNING GRT-0041] Net VSS has wires/vias outside die area.
[WARNING GRT-0041] Net VSS has wires/vias outside die area.
[WARNING GRT-0041] Net VSS has wires/vias outside die area.
[WARNING GRT-0041] Net VSS has wires/vias outside die area.
[WARNING GRT-0041] Net VSS has wires/vias outside die area.
[WARNING GRT-0041] Net VSS has wires/vias outside die area.
[WARNING GRT-0041] Net VSS has wires/vias outside die area.
[WARNING GRT-0041] Net VSS has wires/vias outside die area.
[WARNING GRT-0041] Net VSS has wires/vias outside die area.
[WARNING GRT-0041] Net VSS has wires/vias outside die area.
[WARNING GRT-0041] Net VSS has wires/vias outside die area.
[WARNING GRT-0041] Net VSS has wires/vias outside die area.
[WARNING GRT-0041] Net VSS has wires/vias outside die area.
[WARNING GRT-0041] Net VSS has wires/vias outside die area.
[WARNING GRT-0041] Net VSS has wires/vias outside die area.
[WARNING GRT-0041] Net VSS has wires/vias outside die area.
[WARNING GRT-0041] Net VSS has wires/vias outside die area.
[WARNING GRT-0041] Net VSS has wires/vias outside die area.
[WARNING GRT-0041] Net VSS has wires/vias outside die area.
[WARNING GRT-0041] Net VSS has wires/vias outside die area.
[WARNING GRT-0041] Net VSS has wires/vias outside die area.
[WARNING GRT-0041] Net VSS has wires/vias outside die area.
[WARNING GRT-0041] Net VSS has wires/vias outside die area.
[WARNING GRT-0041] Net VSS has wires/vias outside die area.
[WARNING GRT-0041] Net VSS has wires/vias outside die area.
[WARNING GRT-0041] Net VSS has wires/vias outside die area.
[WARNING GRT-0041] Net VSS has wires/vias outside die area.
[WARNING GRT-0041] Net VSS has wires/vias outside die area.
[WARNING GRT-0041] Net VSS has wires/vias outside die area.
[WARNING GRT-0041] Net VSS has wires/vias outside die area.
[WARNING GRT-0041] Net VSS has wires/vias outside die area.
[WARNING GRT-0041] Net VSS has wires/vias outside die area.
[WARNING GRT-0041] Net VSS has wires/vias outside die area.
[WARNING GRT-0041] Net VSS has wires/vias outside die area.
[WARNING GRT-0041] Net VSS has wires/vias outside die area.
[WARNING GRT-0041] Net VSS has wires/vias outside die area.
[WARNING GRT-0041] Net VSS has wires/vias outside die area.
[WARNING GRT-0041] Net VSS has wires/vias outside die area.
[WARNING GRT-0041] Net VSS has wires/vias outside die area.
[WARNING GRT-0041] Net VSS has wires/vias outside die area.
[WARNING GRT-0041] Net VSS has wires/vias outside die area.
[WARNING GRT-0041] Net VSS has wires/vias outside die area.
[WARNING GRT-0041] Net VSS has wires/vias outside die area.
[WARNING GRT-0041] Net VSS has wires/vias outside die area.
[WARNING GRT-0041] Net VSS has wires/vias outside die area.
[WARNING GRT-0041] Net VSS has wires/vias outside die area.
[WARNING GRT-0041] Net VSS has wires/vias outside die area.
[WARNING GRT-0041] Net VSS has wires/vias outside die area.
[WARNING GRT-0041] Net VSS has wires/vias outside die area.
[WARNING GRT-0041] Net VSS has wires/vias outside die area.
[WARNING GRT-0041] Net VSS has wires/vias outside die area.
[WARNING GRT-0041] Net VSS has wires/vias outside die area.
[WARNING GRT-0041] Net VSS has wires/vias outside die area.
[WARNING GRT-0041] Net VSS has wires/vias outside die area.
[WARNING GRT-0041] Net VSS has wires/vias outside die area.
[WARNING GRT-0041] Net VSS has wires/vias outside die area.
[WARNING GRT-0041] Net VSS has wires/vias outside die area.
[WARNING GRT-0041] Net VSS has wires/vias outside die area.
[WARNING GRT-0041] Net VSS has wires/vias outside die area.
[WARNING GRT-0041] Net VSS has wires/vias outside die area.
[WARNING GRT-0041] Net VSS has wires/vias outside die area.
[WARNING GRT-0041] Net VSS has wires/vias outside die area.
[WARNING GRT-0041] Net VSS has wires/vias outside die area.
[WARNING GRT-0041] Net VSS has wires/vias outside die area.
[WARNING GRT-0041] Net VSS has wires/vias outside die area.
[WARNING GRT-0041] Net VSS has wires/vias outside die area.
[WARNING GRT-0041] Net VSS has wires/vias outside die area.
[WARNING GRT-0041] Net VSS has wires/vias outside die area.
[WARNING GRT-0041] Net VSS has wires/vias outside die area.
[WARNING GRT-0041] Net VSS has wires/vias outside die area.
[WARNING GRT-0041] Net VSS has wires/vias outside die area.
[WARNING GRT-0041] Net VSS has wires/vias outside die area.
[WARNING GRT-0041] Net VSS has wires/vias outside die area.
[WARNING GRT-0041] Net VSS has wires/vias outside die area.
[WARNING GRT-0041] Net VSS has wires/vias outside die area.
[WARNING GRT-0041] Net VSS has wires/vias outside die area.
[WARNING GRT-0041] Net VSS has wires/vias outside die area.
[WARNING GRT-0041] Net VSS has wires/vias outside die area.
[WARNING GRT-0041] Net VSS has wires/vias outside die area.
[WARNING GRT-0041] Net VSS has wires/vias outside die area.
[WARNING GRT-0041] Net VSS has wires/vias outside die area.
[WARNING GRT-0041] Net VSS has wires/vias outside die area.
[WARNING GRT-0041] Net VSS has wires/vias outside die area.
[WARNING GRT-0041] Net VSS has wires/vias outside die area.
[WARNING GRT-0041] Net VSS has wires/vias outside die area.
[WARNING GRT-0041] Net VSS has wires/vias outside die area.
[WARNING GRT-0041] Net VSS has wires/vias outside die area.
[WARNING GRT-0041] Net VSS has wires/vias outside die area.
[WARNING GRT-0041] Net VSS has wires/vias outside die area.
[WARNING GRT-0041] Net VSS has wires/vias outside die area.
[WARNING GRT-0041] Net VSS has wires/vias outside die area.
[WARNING GRT-0041] Net VSS has wires/vias outside die area.
[WARNING GRT-0041] Net VSS has wires/vias outside die area.
[WARNING GRT-0041] Net VSS has wires/vias outside die area.
[WARNING GRT-0041] Net VSS has wires/vias outside die area.
[WARNING GRT-0041] Net VSS has wires/vias outside die area.
[WARNING GRT-0041] Net VSS has wires/vias outside die area.
[WARNING GRT-0041] Net VSS has wires/vias outside die area.
[WARNING GRT-0041] Net VSS has wires/vias outside die area.
[WARNING GRT-0041] Net VSS has wires/vias outside die area.
[WARNING GRT-0041] Net VSS has wires/vias outside die area.
[WARNING GRT-0041] Net VSS has wires/vias outside die area.
[WARNING GRT-0041] Net VSS has wires/vias outside die area.
[WARNING GRT-0041] Net VSS has wires/vias outside die area.
[WARNING GRT-0041] Net VSS has wires/vias outside die area.
[WARNING GRT-0041] Net VSS has wires/vias outside die area.
[WARNING GRT-0041] Net VSS has wires/vias outside die area.
[WARNING GRT-0041] Net VSS has wires/vias outside die area.
[WARNING GRT-0041] Net VSS has wires/vias outside die area.
[WARNING GRT-0041] Net VSS has wires/vias outside die area.
[WARNING GRT-0041] Net VSS has wires/vias outside die area.
[WARNING GRT-0041] Net VSS has wires/vias outside die area.
[WARNING GRT-0041] Net VSS has wires/vias outside die area.
[WARNING GRT-0041] Net VSS has wires/vias outside die area.
[WARNING GRT-0041] Net VSS has wires/vias outside die area.
[WARNING GRT-0041] Net VSS has wires/vias outside die area.
[WARNING GRT-0041] Net VSS has wires/vias outside die area.
[WARNING GRT-0041] Net VSS has wires/vias outside die area.
[WARNING GRT-0041] Net VSS has wires/vias outside die area.
[WARNING GRT-0041] Net VSS has wires/vias outside die area.
[WARNING GRT-0041] Net VSS has wires/vias outside die area.
[WARNING GRT-0041] Net VSS has wires/vias outside die area.
[WARNING GRT-0041] Net VSS has wires/vias outside die area.
[WARNING GRT-0041] Net VSS has wires/vias outside die area.
[WARNING GRT-0041] Net VSS has wires/vias outside die area.
[WARNING GRT-0041] Net VSS has wires/vias outside die area.
[WARNING GRT-0041] Net VSS has wires/vias outside die area.
[WARNING GRT-0041] Net VSS has wires/vias outside die area.
[WARNING GRT-0041] Net VSS has wires/vias outside die area.
[WARNING GRT-0041] Net VSS has wires/vias outside die area.
[WARNING GRT-0041] Net VSS has wires/vias outside die area.
[WARNING GRT-0041] Net VSS has wires/vias outside die area.
[WARNING GRT-0041] Net VSS has wires/vias outside die area.
[WARNING GRT-0041] Net VSS has wires/vias outside die area.
[WARNING GRT-0041] Net VSS has wires/vias outside die area.
[WARNING GRT-0041] Net VSS has wires/vias outside die area.
[WARNING GRT-0041] Net VSS has wires/vias outside die area.
[WARNING GRT-0041] Net VSS has wires/vias outside die area.
[WARNING GRT-0041] Net VSS has wires/vias outside die area.
[WARNING GRT-0041] Net VSS has wires/vias outside die area.
[WARNING GRT-0041] Net VSS has wires/vias outside die area.
[WARNING GRT-0041] Net VSS has wires/vias outside die area.
[WARNING GRT-0041] Net VSS has wires/vias outside die area.
[WARNING GRT-0041] Net VSS has wires/vias outside die area.
[WARNING GRT-0041] Net VSS has wires/vias outside die area.
[WARNING GRT-0041] Net VSS has wires/vias outside die area.
[WARNING GRT-0041] Net VSS has wires/vias outside die area.
[WARNING GRT-0041] Net VSS has wires/vias outside die area.
[WARNING GRT-0041] Net VSS has wires/vias outside die area.
[WARNING GRT-0041] Net VSS has wires/vias outside die area.
[WARNING GRT-0041] Net VSS has wires/vias outside die area.
[WARNING GRT-0041] Net VSS has wires/vias outside die area.
[WARNING GRT-0041] Net VSS has wires/vias outside die area.
[WARNING GRT-0041] Net VSS has wires/vias outside die area.
[WARNING GRT-0041] Net VSS has wires/vias outside die area.
[WARNING GRT-0041] Net VSS has wires/vias outside die area.
[WARNING GRT-0041] Net VSS has wires/vias outside die area.
[WARNING GRT-0041] Net VSS has wires/vias outside die area.
[WARNING GRT-0041] Net VSS has wires/vias outside die area.
[WARNING GRT-0041] Net VSS has wires/vias outside die area.
[WARNING GRT-0041] Net VSS has wires/vias outside die area.
[WARNING GRT-0041] Net VSS has wires/vias outside die area.
[WARNING GRT-0041] Net VSS has wires/vias outside die area.
[WARNING GRT-0041] Net VSS has wires/vias outside die area.
[WARNING GRT-0041] Net VSS has wires/vias outside die area.
[WARNING GRT-0041] Net VSS has wires/vias outside die area.
[WARNING GRT-0041] Net VSS has wires/vias outside die area.
[WARNING GRT-0041] Net VSS has wires/vias outside die area.
[WARNING GRT-0041] Net VSS has wires/vias outside die area.
[WARNING GRT-0041] Net VSS has wires/vias outside die area.
[WARNING GRT-0041] Net VSS has wires/vias outside die area.
[WARNING GRT-0041] Net VSS has wires/vias outside die area.
[WARNING GRT-0041] Net VSS has wires/vias outside die area.
[WARNING GRT-0041] Net VSS has wires/vias outside die area.
[WARNING GRT-0041] Net VSS has wires/vias outside die area.
[WARNING GRT-0041] Net VSS has wires/vias outside die area.
[WARNING GRT-0041] Net VSS has wires/vias outside die area.
[WARNING GRT-0041] Net VSS has wires/vias outside die area.
[WARNING GRT-0041] Net VSS has wires/vias outside die area.
[WARNING GRT-0041] Net VSS has wires/vias outside die area.
[WARNING GRT-0041] Net VSS has wires/vias outside die area.
[WARNING GRT-0041] Net VSS has wires/vias outside die area.
[WARNING GRT-0041] Net VSS has wires/vias outside die area.
[WARNING GRT-0041] Net VSS has wires/vias outside die area.
[WARNING GRT-0041] Net VSS has wires/vias outside die area.
[WARNING GRT-0041] Net VSS has wires/vias outside die area.
[WARNING GRT-0041] Net VSS has wires/vias outside die area.
[WARNING GRT-0041] Net VSS has wires/vias outside die area.
[WARNING GRT-0041] Net VSS has wires/vias outside die area.
[WARNING GRT-0041] Net VSS has wires/vias outside die area.
[WARNING GRT-0041] Net VSS has wires/vias outside die area.
[WARNING GRT-0041] Net VSS has wires/vias outside die area.
[WARNING GRT-0041] Net VSS has wires/vias outside die area.
[WARNING GRT-0041] Net VSS has wires/vias outside die area.
[WARNING GRT-0041] Net VSS has wires/vias outside die area.
[WARNING GRT-0041] Net VSS has wires/vias outside die area.
[WARNING GRT-0041] Net VSS has wires/vias outside die area.
[WARNING GRT-0041] Net VSS has wires/vias outside die area.
[WARNING GRT-0041] Net VSS has wires/vias outside die area.
[WARNING GRT-0041] Net VSS has wires/vias outside die area.
[WARNING GRT-0041] Net VSS has wires/vias outside die area.
[WARNING GRT-0041] Net VSS has wires/vias outside die area.
[WARNING GRT-0041] Net VSS has wires/vias outside die area.
[WARNING GRT-0041] Net VSS has wires/vias outside die area.
[WARNING GRT-0041] Net VSS has wires/vias outside die area.
[WARNING GRT-0041] Net VSS has wires/vias outside die area.
[WARNING GRT-0041] Net VSS has wires/vias outside die area.
[WARNING GRT-0041] Net VSS has wires/vias outside die area.
[WARNING GRT-0041] Net VSS has wires/vias outside die area.
[WARNING GRT-0041] Net VSS has wires/vias outside die area.
[WARNING GRT-0041] Net VSS has wires/vias outside die area.
[WARNING GRT-0041] Net VSS has wires/vias outside die area.
[WARNING GRT-0041] Net VSS has wires/vias outside die area.
[WARNING GRT-0041] Net VSS has wires/vias outside die area.
[WARNING GRT-0041] Net VSS has wires/vias outside die area.
[WARNING GRT-0041] Net VSS has wires/vias outside die area.
[WARNING GRT-0041] Net VSS has wires/vias outside die area.
[WARNING GRT-0041] Net VSS has wires/vias outside die area.
[WARNING GRT-0041] Net VSS has wires/vias outside die area.
[WARNING GRT-0041] Net VSS has wires/vias outside die area.
[WARNING GRT-0041] Net VSS has wires/vias outside die area.
[WARNING GRT-0041] Net VSS has wires/vias outside die area.
[WARNING GRT-0041] Net VSS has wires/vias outside die area.
[WARNING GRT-0041] Net VSS has wires/vias outside die area.
[WARNING GRT-0041] Net VSS has wires/vias outside die area.
[WARNING GRT-0041] Net VSS has wires/vias outside die area.
[WARNING GRT-0041] Net VSS has wires/vias outside die area.
[WARNING GRT-0041] Net VSS has wires/vias outside die area.
[WARNING GRT-0041] Net VSS has wires/vias outside die area.
[WARNING GRT-0041] Net VSS has wires/vias outside die area.
[WARNING GRT-0041] Net VSS has wires/vias outside die area.
[WARNING GRT-0041] Net VSS has wires/vias outside die area.
[WARNING GRT-0041] Net VSS has wires/vias outside die area.
[WARNING GRT-0041] Net VSS has wires/vias outside die area.
[WARNING GRT-0041] Net VSS has wires/vias outside die area.
[WARNING GRT-0041] Net VSS has wires/vias outside die area.
[WARNING GRT-0041] Net VSS has wires/vias outside die area.
[WARNING GRT-0041] Net VSS has wires/vias outside die area.
[WARNING GRT-0041] Net VSS has wires/vias outside die area.
[WARNING GRT-0041] Net VSS has wires/vias outside die area.
[WARNING GRT-0041] Net VSS has wires/vias outside die area.
[WARNING GRT-0041] Net VSS has wires/vias outside die area.
[WARNING GRT-0041] Net VSS has wires/vias outside die area.
[WARNING GRT-0041] Net VSS has wires/vias outside die area.
[WARNING GRT-0041] Net VSS has wires/vias outside die area.
[WARNING GRT-0041] Net VSS has wires/vias outside die area.
[WARNING GRT-0041] Net VSS has wires/vias outside die area.
[WARNING GRT-0041] Net VSS has wires/vias outside die area.
[WARNING GRT-0041] Net VSS has wires/vias outside die area.
[WARNING GRT-0041] Net VSS has wires/vias outside die area.
[WARNING GRT-0041] Net VSS has wires/vias outside die area.
[WARNING GRT-0041] Net VSS has wires/vias outside die area.
[WARNING GRT-0041] Net VSS has wires/vias outside die area.
[WARNING GRT-0041] Net VSS has wires/vias outside die area.
[WARNING GRT-0041] Net VSS has wires/vias outside die area.
[WARNING GRT-0041] Net VSS has wires/vias outside die area.
[WARNING GRT-0041] Net VSS has wires/vias outside die area.
[WARNING GRT-0041] Net VSS has wires/vias outside die area.
[WARNING GRT-0041] Net VSS has wires/vias outside die area.
[WARNING GRT-0041] Net VSS has wires/vias outside die area.
[WARNING GRT-0041] Net VSS has wires/vias outside die area.
[WARNING GRT-0041] Net VSS has wires/vias outside die area.
[WARNING GRT-0041] Net VSS has wires/vias outside die area.
[WARNING GRT-0041] Net VSS has wires/vias outside die area.
[WARNING GRT-0041] Net VSS has wires/vias outside die area.
[WARNING GRT-0041] Net VSS has wires/vias outside die area.
[WARNING GRT-0041] Net VSS has wires/vias outside die area.
[WARNING GRT-0041] Net VSS has wires/vias outside die area.
[WARNING GRT-0041] Net VSS has wires/vias outside die area.
[WARNING GRT-0041] Net VSS has wires/vias outside die area.
[WARNING GRT-0041] Net VSS has wires/vias outside die area.
[WARNING GRT-0041] Net VSS has wires/vias outside die area.
[WARNING GRT-0041] Net VSS has wires/vias outside die area.
[WARNING GRT-0041] Net VSS has wires/vias outside die area.
[WARNING GRT-0041] Net VSS has wires/vias outside die area.
[WARNING GRT-0041] Net VSS has wires/vias outside die area.
[WARNING GRT-0041] Net VSS has wires/vias outside die area.
[WARNING GRT-0041] Net VSS has wires/vias outside die area.
[WARNING GRT-0041] Net VSS has wires/vias outside die area.
[WARNING GRT-0041] Net VSS has wires/vias outside die area.
[WARNING GRT-0041] Net VSS has wires/vias outside die area.
[WARNING GRT-0041] Net VSS has wires/vias outside die area.
[WARNING GRT-0041] Net VSS has wires/vias outside die area.
[WARNING GRT-0041] Net VSS has wires/vias outside die area.
[WARNING GRT-0041] Net VSS has wires/vias outside die area.
[WARNING GRT-0041] Net VSS has wires/vias outside die area.
[WARNING GRT-0041] Net VSS has wires/vias outside die area.
[WARNING GRT-0041] Net VSS has wires/vias outside die area.
[WARNING GRT-0041] Net VSS has wires/vias outside die area.
[WARNING GRT-0041] Net VSS has wires/vias outside die area.
[WARNING GRT-0041] Net VSS has wires/vias outside die area.
[WARNING GRT-0041] Net VSS has wires/vias outside die area.
[WARNING GRT-0041] Net VSS has wires/vias outside die area.
[WARNING GRT-0041] Net VSS has wires/vias outside die area.
[WARNING GRT-0041] Net VSS has wires/vias outside die area.
[WARNING GRT-0041] Net VSS has wires/vias outside die area.
[WARNING GRT-0041] Net VSS has wires/vias outside die area.
[WARNING GRT-0041] Net VSS has wires/vias outside die area.
[WARNING GRT-0041] Net VSS has wires/vias outside die area.
[WARNING GRT-0041] Net VSS has wires/vias outside die area.
[WARNING GRT-0041] Net VSS has wires/vias outside die area.
[WARNING GRT-0041] Net VSS has wires/vias outside die area.
[WARNING GRT-0041] Net VSS has wires/vias outside die area.
[WARNING GRT-0041] Net VSS has wires/vias outside die area.
[WARNING GRT-0041] Net VSS has wires/vias outside die area.
[WARNING GRT-0041] Net VSS has wires/vias outside die area.
[WARNING GRT-0041] Net VSS has wires/vias outside die area.
[WARNING GRT-0041] Net VSS has wires/vias outside die area.
[WARNING GRT-0041] Net VSS has wires/vias outside die area.
[WARNING GRT-0041] Net VSS has wires/vias outside die area.
[WARNING GRT-0041] Net VSS has wires/vias outside die area.
[WARNING GRT-0041] Net VSS has wires/vias outside die area.
[WARNING GRT-0041] Net VSS has wires/vias outside die area.
[WARNING GRT-0041] Net VSS has wires/vias outside die area.
[WARNING GRT-0041] Net VSS has wires/vias outside die area.
[WARNING GRT-0041] Net VSS has wires/vias outside die area.
[WARNING GRT-0041] Net VSS has wires/vias outside die area.
[WARNING GRT-0041] Net VSS has wires/vias outside die area.
[WARNING GRT-0041] Net VSS has wires/vias outside die area.
[WARNING GRT-0041] Net VSS has wires/vias outside die area.
[WARNING GRT-0041] Net VSS has wires/vias outside die area.
[WARNING GRT-0041] Net VSS has wires/vias outside die area.
[WARNING GRT-0041] Net VSS has wires/vias outside die area.
[WARNING GRT-0041] Net VSS has wires/vias outside die area.
[WARNING GRT-0041] Net VSS has wires/vias outside die area.
[WARNING GRT-0041] Net VSS has wires/vias outside die area.
[WARNING GRT-0041] Net VSS has wires/vias outside die area.
[WARNING GRT-0041] Net VSS has wires/vias outside die area.
[WARNING GRT-0041] Net VSS has wires/vias outside die area.
[WARNING GRT-0041] Net VSS has wires/vias outside die area.
[WARNING GRT-0041] Net VSS has wires/vias outside die area.
[WARNING GRT-0041] Net VSS has wires/vias outside die area.
[WARNING GRT-0041] Net VSS has wires/vias outside die area.
[WARNING GRT-0041] Net VSS has wires/vias outside die area.
[WARNING GRT-0041] Net VSS has wires/vias outside die area.
[WARNING GRT-0041] Net VSS has wires/vias outside die area.
[WARNING GRT-0041] Net VSS has wires/vias outside die area.
[WARNING GRT-0041] Net VSS has wires/vias outside die area.
[WARNING GRT-0041] Net VSS has wires/vias outside die area.
[WARNING GRT-0041] Net VSS has wires/vias outside die area.
[WARNING GRT-0041] Net VSS has wires/vias outside die area.
[WARNING GRT-0041] Net VSS has wires/vias outside die area.
[WARNING GRT-0041] Net VSS has wires/vias outside die area.
[WARNING GRT-0041] Net VSS has wires/vias outside die area.
[INFO GRT-0043] No OR_DEFAULT vias defined.
[INFO GRT-0004] Blockages: 268922

[INFO GRT-0053] Routing resources analysis:
          Routing      Original      Derated      Resource
Layer     Direction    Resources     Resources    Reduction (%)
---------------------------------------------------------------
li1        Vertical            0             0          0.00%
met1       Horizontal   10492932       7523746          28.30%
met2       Vertical      7869156       6259099          20.46%
met3       Horizontal    5246104       4160430          20.69%
met4       Vertical      3149400       2004547          36.35%
met5       Horizontal    1049076        524175          50.03%
---------------------------------------------------------------

[INFO GRT-0101] Running extra iterations to remove overflow.
[INFO GRT-0197] Via related to pin nodes: 332001
[INFO GRT-0198] Via related Steiner nodes: 8919
[INFO GRT-0199] Via filling finished.
[INFO GRT-0111] Final number of vias: 426200
[INFO GRT-0112] Final usage 3D: 1681434

[INFO GRT-0096] Final congestion report:
Layer         Resource        Demand        Usage (%)    Max H / Max V / Total Overflow
---------------------------------------------------------------------------------------
li1                  0             0            0.00%             0 /  0 /  0
met1           7523746        158576            2.11%             0 /  0 /  0
met2           6259099        171168            2.73%             0 /  0 /  0
met3           4160430         41526            1.00%             0 /  0 /  0
met4           2004547         31089            1.55%             0 /  0 /  0
met5            524175           475            0.09%             0 /  0 /  0
---------------------------------------------------------------------------------------
Total         20471997        402834            1.97%             0 /  0 /  0

[INFO GRT-0018] Total wirelength: 3817431 um
[INFO GRT-0014] Routed nets: 54681
Perform buffer insertion...
[INFO RSZ-0058] Using max wire length 2154um.
[INFO RSZ-0034] Found 4 slew violations.
[INFO RSZ-0036] Found 4 capacitance violations.
[INFO RSZ-0038] Inserted 2 buffers in 2 nets.
[INFO RSZ-0039] Resized 2 instances.
Placement Analysis
---------------------------------
total displacement         53.0 u
average displacement        0.0 u
max displacement            7.3 u
original HPWL         2392894.1 u
legalized HPWL        2392961.9 u
delta HPWL                    0 %

Repair setup and hold violations...
repair_timing -verbose -repair_tns 100
[INFO RSZ-0098] No setup violations found
[INFO RSZ-0033] No hold violations found.
Placement Analysis
---------------------------------
total displacement          0.0 u
average displacement        0.0 u
max displacement            0.0 u
original HPWL         2392961.9 u
legalized HPWL        2392961.9 u
delta HPWL                    0 %

Repair antennas...
[INFO GRT-0012] Found 251 antenna violations.
[INFO GRT-0015] Inserted 612 diodes.
[INFO GRT-0012] Found 40 antenna violations.
[INFO GRT-0015] Inserted 209 diodes.
[INFO GRT-0012] Found 14 antenna violations.
[INFO GRT-0015] Inserted 95 diodes.
[INFO GRT-0012] Found 10 antenna violations.
[INFO GRT-0015] Inserted 75 diodes.
[INFO GRT-0012] Found 8 antenna violations.
[INFO GRT-0015] Inserted 45 diodes.
[INFO ANT-0002] Found 7 net violations.
[INFO ANT-0001] Found 7 pin violations.
Estimate parasitics...
Report metrics stage 5, global route...

==========================================================================
global route report_design_area
--------------------------------------------------------------------------
Design area 876280 u^2 10% utilization.
[INFO FLW-0007] clock aclk period 10.000000
[INFO FLW-0008] Clock aclk period 5.933
[INFO FLW-0009] Clock aclk slack 3.755
[INFO FLW-0011] Path endpoint count 18104
Elapsed time: 3:58.02[h:]min:sec. CPU time: user 476.55 sys 2.81 (201%). Peak memory: 2881344KB.
